<?xml version="1.0" encoding="UTF-8"?>
<!-- Generated by org.testng.reporters.JUnitReportReporter -->
<testsuite skipped="0" hostname="MMs-MacBook-Air.home" name="Test.VerizoanMainPageTest" tests="2" failures="0" timestamp="11 Apr 2020 11:22:34 GMT" time="15.822" errors="0">
  <testcase name="getTitle" time="6.587" classname="Test.VerizoanMainPageTest"/>
  <testcase name="doSendAndClik" time="9.235" classname="Test.VerizoanMainPageTest"/>
</testsuite> <!-- Test.VerizoanMainPageTest -->
