<?xml version="1.0" encoding="UTF-8"?>
<!-- Generated by org.testng.reporters.JUnitReportReporter -->
<testsuite skipped="0" hostname="MMs-MacBook-Air.home" name="Test.CustomizeTest" tests="2" failures="0" timestamp="11 Apr 2020 11:22:34 GMT" time="79.405" errors="0">
  <testcase name="getTitle" time="28.890" classname="Test.CustomizeTest"/>
  <testcase name="doSendAndClik" time="50.515" classname="Test.CustomizeTest"/>
</testsuite> <!-- Test.CustomizeTest -->
