<?xml version="1.0" encoding="UTF-8"?>
<!-- Generated by org.testng.reporters.JUnitReportReporter -->
<testsuite skipped="0" hostname="MMs-MacBook-Air.home" name="Test.ShoppingTest" tests="2" failures="0" timestamp="11 Apr 2020 11:22:34 GMT" time="25.504" errors="0">
  <testcase name="getTitle" time="10.363" classname="Test.ShoppingTest"/>
  <testcase name="doSendAndClik" time="15.141" classname="Test.ShoppingTest"/>
</testsuite> <!-- Test.ShoppingTest -->
